Saved contents of this file to system_log.14.6 during revup to EDK 14.7.

Xilinx Platform Studio (XPS)
Xilinx EDK 14.7 Build EDK_P.20131013
Copyright (c) 1995-2012 Xilinx, Inc.  All rights reserved.

Overriding Xilinx file <TextEditor.cfg> with local file <C:/Xilinx/14.7/ISE_DS/EDK/data/TextEditor.cfg>
Writing filter settings....
Done writing filter settings to:
	D:\study\prj_ZYNQ_PS\Lab_4\etc\system.filters
Done writing Tab View settings to:
	D:\study\prj_ZYNQ_PS\Lab_4\etc\system.gui
Xilinx Platform Studio (XPS)
Xilinx EDK 14.7 Build EDK_P.20131013
Copyright (c) 1995-2012 Xilinx, Inc.  All rights reserved.

Overriding Xilinx file <TextEditor.cfg> with local file <C:/Xilinx/14.7/ISE_DS/EDK/data/TextEditor.cfg>
Writing filter settings....
Done writing filter settings to:
	D:\study\prj_ZYNQ_PS\Lab_4\etc\system.filters
Done writing Tab View settings to:
	D:\study\prj_ZYNQ_PS\Lab_4\etc\system.gui
Xilinx Platform Studio (XPS)
Xilinx EDK 14.7 Build EDK_P.20131013
Copyright (c) 1995-2012 Xilinx, Inc.  All rights reserved.

Writing filter settings....
Done writing filter settings to:
	D:\study\prj_ZYNQ_PS\Lab_4\etc\system.filters
Done writing Tab View settings to:
	D:\study\prj_ZYNQ_PS\Lab_4\etc\system.gui
Xilinx Platform Studio (XPS)
Xilinx EDK 14.7 Build EDK_P.20131013
Copyright (c) 1995-2012 Xilinx, Inc.  All rights reserved.

Overriding Xilinx file <TextEditor.cfg> with local file <C:/Xilinx/14.7/ISE_DS/EDK/data/TextEditor.cfg>
Xilinx Platform Studio (XPS)
Xilinx EDK 14.7 Build EDK_P.20131013
Copyright (c) 1995-2012 Xilinx, Inc.  All rights reserved.

Writing filter settings....
Done writing filter settings to:
	D:\study\prj_ZYNQ_PS\Lab_4\etc\system.filters
Done writing Tab View settings to:
	D:\study\prj_ZYNQ_PS\Lab_4\etc\system.gui
Writing filter settings....
Done writing filter settings to:
	D:\study\prj_ZYNQ_PS\Lab_4\etc\system.filters
Done writing Tab View settings to:
	D:\study\prj_ZYNQ_PS\Lab_4\etc\system.gui
Xilinx Platform Studio (XPS)
Xilinx EDK 14.7 Build EDK_P.20131013
Copyright (c) 1995-2012 Xilinx, Inc.  All rights reserved.

Overriding Xilinx file <TextEditor.cfg> with local file <C:/Xilinx/14.7/ISE_DS/EDK/data/TextEditor.cfg>
